---------------------------------------------------------------
[ 2017-07-10T09:30:22+08:00 ] ::1 ::1 GET /business-system/backend/tp5/public/android/userlogin_reg/userloginreg
[ info ] localhost/business-system/backend/tp5/public/android/userlogin_reg/userloginreg [运行时间：0.585060s][吞吐率：1.71req/s] [内存消耗：2,766.46kb] [文件加载：39]
[ info ] [ LANG ] D:\wampServer\wamp64\www\business-system\backend\tp5\thinkphp\lang\zh-cn.php
[ info ] [ ROUTE ] array (
  'type' => 'module',
  'module' => 
  array (
    0 => 'android',
    1 => 'userlogin_reg',
    2 => 'userloginreg',
  ),
)
[ info ] [ HEADER ] array (
  'host' => 'localhost',
  'user-agent' => 'Mozilla/5.0 (Windows NT 10.0; WOW64; rv:54.0) Gecko/20100101 Firefox/54.0',
  'accept' => 'text/html,application/xhtml+xml,application/xml;q=0.9,*/*;q=0.8',
  'accept-language' => 'zh-CN,zh;q=0.8,en-US;q=0.5,en;q=0.3',
  'accept-encoding' => 'gzip, deflate',
  'cookie' => '_ga=GA1.1.1082735944.1490769720; pgv_pvi=8903682048',
  'connection' => 'keep-alive',
  'upgrade-insecure-requests' => '1',
)
[ info ] [ PARAM ] array (
)
[ info ] [ RUN ] app\android\controller\UserloginReg->userloginreg[ D:\wampServer\wamp64\www\business-system\backend\tp5\application\android\controller\UserloginReg.php ]
[ info ] [ DB ] INIT mysql
[ info ] [ LOG ] INIT File
[ sql ] [ DB ] CONNECT:[ UseTime:0.104736s ] mysql:dbname=wepay;host=120.77.34.254;charset=utf8
[ sql ] [ SQL ] select buyerId from buyer where email = 'mm' and buyerPassword = '1234' [ RunTime:0.062837s ]
[ error ] [8]未定义数组索引: buyerId[D:\wampServer\wamp64\www\business-system\backend\tp5\application\android\controller\UserloginReg.php:30]
---------------------------------------------------------------
[ 2017-07-10T09:32:29+08:00 ] ::1 ::1 GET /business-system/backend/tp5/public/android/userlogin_reg/userloginreg
[ info ] localhost/business-system/backend/tp5/public/android/userlogin_reg/userloginreg [运行时间：0.227522s][吞吐率：4.40req/s] [内存消耗：2,657.38kb] [文件加载：35]
[ info ] [ LANG ] D:\wampServer\wamp64\www\business-system\backend\tp5\thinkphp\lang\zh-cn.php
[ info ] [ ROUTE ] array (
  'type' => 'module',
  'module' => 
  array (
    0 => 'android',
    1 => 'userlogin_reg',
    2 => 'userloginreg',
  ),
)
[ info ] [ HEADER ] array (
  'host' => 'localhost',
  'user-agent' => 'Mozilla/5.0 (Windows NT 10.0; WOW64; rv:54.0) Gecko/20100101 Firefox/54.0',
  'accept' => 'text/html,application/xhtml+xml,application/xml;q=0.9,*/*;q=0.8',
  'accept-language' => 'zh-CN,zh;q=0.8,en-US;q=0.5,en;q=0.3',
  'accept-encoding' => 'gzip, deflate',
  'cookie' => '_ga=GA1.1.1082735944.1490769720; pgv_pvi=8903682048',
  'connection' => 'keep-alive',
  'upgrade-insecure-requests' => '1',
)
[ info ] [ PARAM ] array (
)
[ info ] [ RUN ] app\android\controller\UserloginReg->userloginreg[ D:\wampServer\wamp64\www\business-system\backend\tp5\application\android\controller\UserloginReg.php ]
[ info ] [ DB ] INIT mysql
[ info ] [ LOG ] INIT File
[ sql ] [ DB ] CONNECT:[ UseTime:0.096029s ] mysql:dbname=wepay;host=120.77.34.254;charset=utf8
[ sql ] [ SQL ] select buyerId from buyer where email = 'mm' and buyerPassword = '1234' [ RunTime:0.067539s ]
---------------------------------------------------------------
[ 2017-07-10T09:33:51+08:00 ] ::1 ::1 GET /business-system/backend/tp5/public/android/userlogin_reg/userloginreg
[ info ] localhost/business-system/backend/tp5/public/android/userlogin_reg/userloginreg [运行时间：0.209609s][吞吐率：4.77req/s] [内存消耗：2,670.86kb] [文件加载：35]
[ info ] [ LANG ] D:\wampServer\wamp64\www\business-system\backend\tp5\thinkphp\lang\zh-cn.php
[ info ] [ ROUTE ] array (
  'type' => 'module',
  'module' => 
  array (
    0 => 'android',
    1 => 'userlogin_reg',
    2 => 'userloginreg',
  ),
)
[ info ] [ HEADER ] array (
  'host' => 'localhost',
  'user-agent' => 'Mozilla/5.0 (Windows NT 10.0; WOW64; rv:54.0) Gecko/20100101 Firefox/54.0',
  'accept' => 'text/html,application/xhtml+xml,application/xml;q=0.9,*/*;q=0.8',
  'accept-language' => 'zh-CN,zh;q=0.8,en-US;q=0.5,en;q=0.3',
  'accept-encoding' => 'gzip, deflate',
  'cookie' => '_ga=GA1.1.1082735944.1490769720; pgv_pvi=8903682048',
  'connection' => 'keep-alive',
  'upgrade-insecure-requests' => '1',
)
[ info ] [ PARAM ] array (
)
[ info ] [ RUN ] app\android\controller\UserloginReg->userloginreg[ D:\wampServer\wamp64\www\business-system\backend\tp5\application\android\controller\UserloginReg.php ]
[ info ] [ DB ] INIT mysql
[ info ] [ SESSION ] INIT array (
  'id' => '',
  'var_session_id' => '',
  'prefix' => 'think',
  'type' => '',
  'auto_start' => true,
)
[ info ] [ LOG ] INIT File
[ sql ] [ DB ] CONNECT:[ UseTime:0.107452s ] mysql:dbname=wepay;host=120.77.34.254;charset=utf8
[ sql ] [ SQL ] select buyerId from buyer where email = 'mm' and buyerPassword = '1234' [ RunTime:0.071628s ]
---------------------------------------------------------------
[ 2017-07-10T09:35:23+08:00 ] ::1 ::1 GET /business-system/backend/tp5/public/android/userlogin_reg/userloginreg
[ info ] localhost/business-system/backend/tp5/public/android/userlogin_reg/userloginreg [运行时间：0.202915s][吞吐率：4.93req/s] [内存消耗：2,671.20kb] [文件加载：35]
[ info ] [ LANG ] D:\wampServer\wamp64\www\business-system\backend\tp5\thinkphp\lang\zh-cn.php
[ info ] [ ROUTE ] array (
  'type' => 'module',
  'module' => 
  array (
    0 => 'android',
    1 => 'userlogin_reg',
    2 => 'userloginreg',
  ),
)
[ info ] [ HEADER ] array (
  'host' => 'localhost',
  'user-agent' => 'Mozilla/5.0 (Windows NT 10.0; WOW64; rv:54.0) Gecko/20100101 Firefox/54.0',
  'accept' => 'text/html,application/xhtml+xml,application/xml;q=0.9,*/*;q=0.8',
  'accept-language' => 'zh-CN,zh;q=0.8,en-US;q=0.5,en;q=0.3',
  'accept-encoding' => 'gzip, deflate',
  'cookie' => '_ga=GA1.1.1082735944.1490769720; pgv_pvi=8903682048; PHPSESSID=4r4v4k8krhpoek8m8sr54icdt5',
  'connection' => 'keep-alive',
  'upgrade-insecure-requests' => '1',
  'pragma' => 'no-cache',
  'cache-control' => 'no-cache',
)
[ info ] [ PARAM ] array (
)
[ info ] [ RUN ] app\android\controller\UserloginReg->userloginreg[ D:\wampServer\wamp64\www\business-system\backend\tp5\application\android\controller\UserloginReg.php ]
[ info ] [ DB ] INIT mysql
[ info ] [ SESSION ] INIT array (
  'id' => '',
  'var_session_id' => '',
  'prefix' => 'think',
  'type' => '',
  'auto_start' => true,
)
[ info ] [ LOG ] INIT File
[ sql ] [ DB ] CONNECT:[ UseTime:0.105744s ] mysql:dbname=wepay;host=120.77.34.254;charset=utf8
[ sql ] [ SQL ] select buyerId from buyer where email = 'mm' and buyerPassword = '1234' [ RunTime:0.067281s ]
---------------------------------------------------------------
[ 2017-07-10T09:35:26+08:00 ] ::1 ::1 GET /business-system/backend/tp5/public/android/userlogin_reg/userloginreg
[ info ] localhost/business-system/backend/tp5/public/android/userlogin_reg/userloginreg [运行时间：0.203336s][吞吐率：4.92req/s] [内存消耗：2,671.15kb] [文件加载：35]
[ info ] [ LANG ] D:\wampServer\wamp64\www\business-system\backend\tp5\thinkphp\lang\zh-cn.php
[ info ] [ ROUTE ] array (
  'type' => 'module',
  'module' => 
  array (
    0 => 'android',
    1 => 'userlogin_reg',
    2 => 'userloginreg',
  ),
)
[ info ] [ HEADER ] array (
  'host' => 'localhost',
  'user-agent' => 'Mozilla/5.0 (Windows NT 10.0; WOW64; rv:54.0) Gecko/20100101 Firefox/54.0',
  'accept' => 'text/html,application/xhtml+xml,application/xml;q=0.9,*/*;q=0.8',
  'accept-language' => 'zh-CN,zh;q=0.8,en-US;q=0.5,en;q=0.3',
  'accept-encoding' => 'gzip, deflate',
  'cookie' => '_ga=GA1.1.1082735944.1490769720; pgv_pvi=8903682048; PHPSESSID=4r4v4k8krhpoek8m8sr54icdt5',
  'connection' => 'keep-alive',
  'upgrade-insecure-requests' => '1',
  'cache-control' => 'max-age=0',
)
[ info ] [ PARAM ] array (
)
[ info ] [ RUN ] app\android\controller\UserloginReg->userloginreg[ D:\wampServer\wamp64\www\business-system\backend\tp5\application\android\controller\UserloginReg.php ]
[ info ] [ DB ] INIT mysql
[ info ] [ SESSION ] INIT array (
  'id' => '',
  'var_session_id' => '',
  'prefix' => 'think',
  'type' => '',
  'auto_start' => true,
)
[ info ] [ LOG ] INIT File
[ sql ] [ DB ] CONNECT:[ UseTime:0.101980s ] mysql:dbname=wepay;host=120.77.34.254;charset=utf8
[ sql ] [ SQL ] select buyerId from buyer where email = 'mm' and buyerPassword = '1234' [ RunTime:0.070866s ]
---------------------------------------------------------------
[ 2017-07-10T09:35:27+08:00 ] ::1 ::1 GET /business-system/backend/tp5/public/android/userlogin_reg/userloginreg
[ info ] localhost/business-system/backend/tp5/public/android/userlogin_reg/userloginreg [运行时间：0.180446s][吞吐率：5.54req/s] [内存消耗：2,671.15kb] [文件加载：35]
[ info ] [ LANG ] D:\wampServer\wamp64\www\business-system\backend\tp5\thinkphp\lang\zh-cn.php
[ info ] [ ROUTE ] array (
  'type' => 'module',
  'module' => 
  array (
    0 => 'android',
    1 => 'userlogin_reg',
    2 => 'userloginreg',
  ),
)
[ info ] [ HEADER ] array (
  'host' => 'localhost',
  'user-agent' => 'Mozilla/5.0 (Windows NT 10.0; WOW64; rv:54.0) Gecko/20100101 Firefox/54.0',
  'accept' => 'text/html,application/xhtml+xml,application/xml;q=0.9,*/*;q=0.8',
  'accept-language' => 'zh-CN,zh;q=0.8,en-US;q=0.5,en;q=0.3',
  'accept-encoding' => 'gzip, deflate',
  'cookie' => '_ga=GA1.1.1082735944.1490769720; pgv_pvi=8903682048; PHPSESSID=4r4v4k8krhpoek8m8sr54icdt5',
  'connection' => 'keep-alive',
  'upgrade-insecure-requests' => '1',
  'cache-control' => 'max-age=0',
)
[ info ] [ PARAM ] array (
)
[ info ] [ RUN ] app\android\controller\UserloginReg->userloginreg[ D:\wampServer\wamp64\www\business-system\backend\tp5\application\android\controller\UserloginReg.php ]
[ info ] [ DB ] INIT mysql
[ info ] [ SESSION ] INIT array (
  'id' => '',
  'var_session_id' => '',
  'prefix' => 'think',
  'type' => '',
  'auto_start' => true,
)
[ info ] [ LOG ] INIT File
[ sql ] [ DB ] CONNECT:[ UseTime:0.091576s ] mysql:dbname=wepay;host=120.77.34.254;charset=utf8
[ sql ] [ SQL ] select buyerId from buyer where email = 'mm' and buyerPassword = '1234' [ RunTime:0.060946s ]
---------------------------------------------------------------
[ 2017-07-10T09:35:45+08:00 ] ::1 ::1 GET /business-system/backend/tp5/public/android/userlogin_reg/userloginreg
[ info ] localhost/business-system/backend/tp5/public/android/userlogin_reg/userloginreg [运行时间：0.254194s][吞吐率：3.93req/s] [内存消耗：2,670.89kb] [文件加载：35]
[ info ] [ LANG ] D:\wampServer\wamp64\www\business-system\backend\tp5\thinkphp\lang\zh-cn.php
[ info ] [ ROUTE ] array (
  'type' => 'module',
  'module' => 
  array (
    0 => 'android',
    1 => 'userlogin_reg',
    2 => 'userloginreg',
  ),
)
[ info ] [ HEADER ] array (
  'host' => 'localhost',
  'user-agent' => 'Mozilla/5.0 (Windows NT 10.0; WOW64; rv:54.0) Gecko/20100101 Firefox/54.0',
  'accept' => 'text/html,application/xhtml+xml,application/xml;q=0.9,*/*;q=0.8',
  'accept-language' => 'zh-CN,zh;q=0.8,en-US;q=0.5,en;q=0.3',
  'accept-encoding' => 'gzip, deflate',
  'cookie' => '_ga=GA1.1.1082735944.1490769720; pgv_pvi=8903682048; PHPSESSID=4r4v4k8krhpoek8m8sr54icdt5',
  'connection' => 'keep-alive',
  'upgrade-insecure-requests' => '1',
  'cache-control' => 'max-age=0',
)
[ info ] [ PARAM ] array (
)
[ info ] [ RUN ] app\android\controller\UserloginReg->userloginreg[ D:\wampServer\wamp64\www\business-system\backend\tp5\application\android\controller\UserloginReg.php ]
[ info ] [ DB ] INIT mysql
[ info ] [ SESSION ] INIT array (
  'id' => '',
  'var_session_id' => '',
  'prefix' => 'think',
  'type' => '',
  'auto_start' => true,
)
[ info ] [ LOG ] INIT File
[ sql ] [ DB ] CONNECT:[ UseTime:0.094931s ] mysql:dbname=wepay;host=120.77.34.254;charset=utf8
[ sql ] [ SQL ] select buyerId from buyer where email = 'mm' and buyerPassword = '123' [ RunTime:0.065947s ]
[ sql ] [ SQL ] select buyerId from buyer where email = 'mm' [ RunTime:0.065022s ]
---------------------------------------------------------------
[ 2017-07-10T09:37:24+08:00 ] ::1 ::1 GET /business-system/backend/tp5/public/android/userlogin_reg/userloginreg
[ info ] localhost/business-system/backend/tp5/public/android/userlogin_reg/userloginreg [运行时间：0.428503s][吞吐率：2.33req/s] [内存消耗：2,769.65kb] [文件加载：39]
[ info ] [ LANG ] D:\wampServer\wamp64\www\business-system\backend\tp5\thinkphp\lang\zh-cn.php
[ info ] [ ROUTE ] array (
  'type' => 'module',
  'module' => 
  array (
    0 => 'android',
    1 => 'userlogin_reg',
    2 => 'userloginreg',
  ),
)
[ info ] [ HEADER ] array (
  'host' => 'localhost',
  'user-agent' => 'Mozilla/5.0 (Windows NT 10.0; WOW64; rv:54.0) Gecko/20100101 Firefox/54.0',
  'accept' => 'text/html,application/xhtml+xml,application/xml;q=0.9,*/*;q=0.8',
  'accept-language' => 'zh-CN,zh;q=0.8,en-US;q=0.5,en;q=0.3',
  'accept-encoding' => 'gzip, deflate',
  'cookie' => '_ga=GA1.1.1082735944.1490769720; pgv_pvi=8903682048; PHPSESSID=4r4v4k8krhpoek8m8sr54icdt5',
  'connection' => 'keep-alive',
  'upgrade-insecure-requests' => '1',
  'cache-control' => 'max-age=0',
)
[ info ] [ PARAM ] array (
)
[ info ] [ RUN ] app\android\controller\UserloginReg->userloginreg[ D:\wampServer\wamp64\www\business-system\backend\tp5\application\android\controller\UserloginReg.php ]
[ info ] [ DB ] INIT mysql
[ info ] [ SESSION ] INIT array (
  'id' => '',
  'var_session_id' => '',
  'prefix' => 'think',
  'type' => '',
  'auto_start' => true,
)
[ info ] [ LOG ] INIT File
[ sql ] [ DB ] CONNECT:[ UseTime:0.100699s ] mysql:dbname=wepay;host=120.77.34.254;charset=utf8
[ sql ] [ SQL ] select buyerId from buyer where email = 'mmaa' and buyerPassword = '123' [ RunTime:0.067652s ]
[ sql ] [ SQL ] select buyerId from buyer where email = 'mmaa' [ RunTime:0.066746s ]
[ sql ] [ SQL ] insert into buyer (email, buyerPassword) values ('mmaa', '123') [ RunTime:0.090525s ]
[ sql ] [ SQL ] select max(buyerId) from buyer [ RunTime:0.067816s ]
[ error ] [8]未定义数组索引: buyerId[D:\wampServer\wamp64\www\business-system\backend\tp5\application\android\controller\UserloginReg.php:49]
---------------------------------------------------------------
[ 2017-07-10T09:38:27+08:00 ] ::1 ::1 GET /business-system/backend/tp5/public/android/userlogin_reg/userloginreg
[ info ] localhost/business-system/backend/tp5/public/android/userlogin_reg/userloginreg [运行时间：0.389567s][吞吐率：2.57req/s] [内存消耗：2,670.82kb] [文件加载：35]
[ info ] [ LANG ] D:\wampServer\wamp64\www\business-system\backend\tp5\thinkphp\lang\zh-cn.php
[ info ] [ ROUTE ] array (
  'type' => 'module',
  'module' => 
  array (
    0 => 'android',
    1 => 'userlogin_reg',
    2 => 'userloginreg',
  ),
)
[ info ] [ HEADER ] array (
  'host' => 'localhost',
  'user-agent' => 'Mozilla/5.0 (Windows NT 10.0; WOW64; rv:54.0) Gecko/20100101 Firefox/54.0',
  'accept' => 'text/html,application/xhtml+xml,application/xml;q=0.9,*/*;q=0.8',
  'accept-language' => 'zh-CN,zh;q=0.8,en-US;q=0.5,en;q=0.3',
  'accept-encoding' => 'gzip, deflate',
  'cookie' => '_ga=GA1.1.1082735944.1490769720; pgv_pvi=8903682048; PHPSESSID=4r4v4k8krhpoek8m8sr54icdt5',
  'connection' => 'keep-alive',
  'upgrade-insecure-requests' => '1',
  'cache-control' => 'max-age=0',
)
[ info ] [ PARAM ] array (
)
[ info ] [ RUN ] app\android\controller\UserloginReg->userloginreg[ D:\wampServer\wamp64\www\business-system\backend\tp5\application\android\controller\UserloginReg.php ]
[ info ] [ DB ] INIT mysql
[ info ] [ SESSION ] INIT array (
  'id' => '',
  'var_session_id' => '',
  'prefix' => 'think',
  'type' => '',
  'auto_start' => true,
)
[ info ] [ LOG ] INIT File
[ sql ] [ DB ] CONNECT:[ UseTime:0.099390s ] mysql:dbname=wepay;host=120.77.34.254;charset=utf8
[ sql ] [ SQL ] select buyerId from buyer where email = 'mmaa' and buyerPassword = '123' [ RunTime:0.064702s ]
[ sql ] [ SQL ] select buyerId from buyer where email = 'mmaa' [ RunTime:0.063967s ]
[ sql ] [ SQL ] insert into buyer (email, buyerPassword) values ('mmaa', '123') [ RunTime:0.068781s ]
[ sql ] [ SQL ] select max(buyerId) as buyerId from buyer [ RunTime:0.063825s ]
---------------------------------------------------------------
[ 2017-07-10T09:43:43+08:00 ] ::1 ::1 GET /business-system/backend/tp5/public/android/userlogin_reg/userloginreg
[ info ] localhost/business-system/backend/tp5/public/android/userlogin_reg/userloginreg [运行时间：0.331417s][吞吐率：3.02req/s] [内存消耗：2,765.04kb] [文件加载：39]
[ info ] [ LANG ] D:\wampServer\wamp64\www\business-system\backend\tp5\thinkphp\lang\zh-cn.php
[ info ] [ ROUTE ] array (
  'type' => 'module',
  'module' => 
  array (
    0 => 'android',
    1 => 'userlogin_reg',
    2 => 'userloginreg',
  ),
)
[ info ] [ HEADER ] array (
  'host' => 'localhost',
  'user-agent' => 'Mozilla/5.0 (Windows NT 10.0; WOW64; rv:54.0) Gecko/20100101 Firefox/54.0',
  'accept' => 'text/html,application/xhtml+xml,application/xml;q=0.9,*/*;q=0.8',
  'accept-language' => 'zh-CN,zh;q=0.8,en-US;q=0.5,en;q=0.3',
  'accept-encoding' => 'gzip, deflate',
  'cookie' => '_ga=GA1.1.1082735944.1490769720; pgv_pvi=8903682048; PHPSESSID=4r4v4k8krhpoek8m8sr54icdt5',
  'connection' => 'keep-alive',
  'upgrade-insecure-requests' => '1',
)
[ info ] [ PARAM ] array (
)
[ info ] [ RUN ] app\android\controller\UserloginReg->userloginreg[ D:\wampServer\wamp64\www\business-system\backend\tp5\application\android\controller\UserloginReg.php ]
[ info ] [ DB ] INIT mysql
[ info ] [ LOG ] INIT File
[ sql ] [ DB ] CONNECT:[ UseTime:0.100835s ] mysql:dbname=wepay;host=120.77.34.254;charset=utf8
[ sql ] [ SQL ] select buyerId from buyer where email = 'kkk' and buyerPassword = '123' [ RunTime:0.064675s ]
[ sql ] [ SQL ] select buyerId from buyer where email = 'kkk' [ RunTime:0.064628s ]
[ error ] [8]未定义变量: email[D:\wampServer\wamp64\www\business-system\backend\tp5\application\android\controller\UserloginReg.php:51]
---------------------------------------------------------------
[ 2017-07-10T09:44:31+08:00 ] ::1 ::1 GET /business-system/backend/tp5/public/android/userlogin_reg/userloginreg
[ info ] localhost/business-system/backend/tp5/public/android/userlogin_reg/userloginreg [运行时间：0.314255s][吞吐率：3.18req/s] [内存消耗：2,767.15kb] [文件加载：39]
[ info ] [ LANG ] D:\wampServer\wamp64\www\business-system\backend\tp5\thinkphp\lang\zh-cn.php
[ info ] [ ROUTE ] array (
  'type' => 'module',
  'module' => 
  array (
    0 => 'android',
    1 => 'userlogin_reg',
    2 => 'userloginreg',
  ),
)
[ info ] [ HEADER ] array (
  'host' => 'localhost',
  'user-agent' => 'Mozilla/5.0 (Windows NT 10.0; WOW64; rv:54.0) Gecko/20100101 Firefox/54.0',
  'accept' => 'text/html,application/xhtml+xml,application/xml;q=0.9,*/*;q=0.8',
  'accept-language' => 'zh-CN,zh;q=0.8,en-US;q=0.5,en;q=0.3',
  'accept-encoding' => 'gzip, deflate',
  'cookie' => '_ga=GA1.1.1082735944.1490769720; pgv_pvi=8903682048; PHPSESSID=4r4v4k8krhpoek8m8sr54icdt5',
  'connection' => 'keep-alive',
  'upgrade-insecure-requests' => '1',
)
[ info ] [ PARAM ] array (
)
[ info ] [ RUN ] app\android\controller\UserloginReg->userloginreg[ D:\wampServer\wamp64\www\business-system\backend\tp5\application\android\controller\UserloginReg.php ]
[ info ] [ DB ] INIT mysql
[ info ] [ LOG ] INIT File
[ sql ] [ DB ] CONNECT:[ UseTime:0.092545s ] mysql:dbname=wepay;host=120.77.34.254;charset=utf8
[ sql ] [ SQL ] select buyerId from buyer where email = 'kkk' and buyerPassword = '123' [ RunTime:0.061429s ]
[ sql ] [ SQL ] select buyerId from buyer where email = 'kkk' [ RunTime:0.060735s ]
[ error ] [2]Missing argument 2 for app\android\controller\UserloginReg::app\android\controller\{closure}()[D:\wampServer\wamp64\www\business-system\backend\tp5\application\android\controller\UserloginReg.php:50]
---------------------------------------------------------------
[ 2017-07-10T09:52:24+08:00 ] ::1 ::1 GET /business-system/backend/tp5/public/android/userlogin_reg/userloginreg
[ info ] localhost/business-system/backend/tp5/public/android/userlogin_reg/userloginreg [运行时间：0.300744s][吞吐率：3.33req/s] [内存消耗：2,767.75kb] [文件加载：39]
[ info ] [ LANG ] D:\wampServer\wamp64\www\business-system\backend\tp5\thinkphp\lang\zh-cn.php
[ info ] [ ROUTE ] array (
  'type' => 'module',
  'module' => 
  array (
    0 => 'android',
    1 => 'userlogin_reg',
    2 => 'userloginreg',
  ),
)
[ info ] [ HEADER ] array (
  'host' => 'localhost',
  'user-agent' => 'Mozilla/5.0 (Windows NT 10.0; WOW64; rv:54.0) Gecko/20100101 Firefox/54.0',
  'accept' => 'text/html,application/xhtml+xml,application/xml;q=0.9,*/*;q=0.8',
  'accept-language' => 'zh-CN,zh;q=0.8,en-US;q=0.5,en;q=0.3',
  'accept-encoding' => 'gzip, deflate',
  'cookie' => '_ga=GA1.1.1082735944.1490769720; pgv_pvi=8903682048; PHPSESSID=4r4v4k8krhpoek8m8sr54icdt5',
  'connection' => 'keep-alive',
  'upgrade-insecure-requests' => '1',
)
[ info ] [ PARAM ] array (
)
[ info ] [ RUN ] app\android\controller\UserloginReg->userloginreg[ D:\wampServer\wamp64\www\business-system\backend\tp5\application\android\controller\UserloginReg.php ]
[ info ] [ DB ] INIT mysql
[ info ] [ LOG ] INIT File
[ sql ] [ DB ] CONNECT:[ UseTime:0.087177s ] mysql:dbname=wepay;host=120.77.34.254;charset=utf8
[ sql ] [ SQL ] select buyerId from buyer where email = 'kkk' and buyerPassword = '123' [ RunTime:0.058024s ]
[ sql ] [ SQL ] select buyerId from buyer where email = 'kkk' [ RunTime:0.058159s ]
[ error ] [2]Missing argument 2 for app\android\controller\UserloginReg::app\android\controller\{closure}()[D:\wampServer\wamp64\www\business-system\backend\tp5\application\android\controller\UserloginReg.php:51]
---------------------------------------------------------------
[ 2017-07-10T09:58:30+08:00 ] ::1 ::1 GET /business-system/backend/tp5/public/android/userlogin_reg/userloginreg
[ info ] localhost/business-system/backend/tp5/public/android/userlogin_reg/userloginreg [运行时间：0.389392s][吞吐率：2.57req/s] [内存消耗：2,670.46kb] [文件加载：35]
[ info ] [ LANG ] D:\wampServer\wamp64\www\business-system\backend\tp5\thinkphp\lang\zh-cn.php
[ info ] [ ROUTE ] array (
  'type' => 'module',
  'module' => 
  array (
    0 => 'android',
    1 => 'userlogin_reg',
    2 => 'userloginreg',
  ),
)
[ info ] [ HEADER ] array (
  'host' => 'localhost',
  'user-agent' => 'Mozilla/5.0 (Windows NT 10.0; WOW64; rv:54.0) Gecko/20100101 Firefox/54.0',
  'accept' => 'text/html,application/xhtml+xml,application/xml;q=0.9,*/*;q=0.8',
  'accept-language' => 'zh-CN,zh;q=0.8,en-US;q=0.5,en;q=0.3',
  'accept-encoding' => 'gzip, deflate',
  'cookie' => '_ga=GA1.1.1082735944.1490769720; pgv_pvi=8903682048; PHPSESSID=4r4v4k8krhpoek8m8sr54icdt5',
  'connection' => 'keep-alive',
  'upgrade-insecure-requests' => '1',
)
[ info ] [ PARAM ] array (
)
[ info ] [ RUN ] app\android\controller\UserloginReg->userloginreg[ D:\wampServer\wamp64\www\business-system\backend\tp5\application\android\controller\UserloginReg.php ]
[ info ] [ DB ] INIT mysql
[ info ] [ SESSION ] INIT array (
  'id' => '',
  'var_session_id' => '',
  'prefix' => 'think',
  'type' => '',
  'auto_start' => true,
)
[ info ] [ LOG ] INIT File
[ sql ] [ DB ] CONNECT:[ UseTime:0.097122s ] mysql:dbname=wepay;host=120.77.34.254;charset=utf8
[ sql ] [ SQL ] select buyerId from buyer where email = 'kkk' and buyerPassword = '123' [ RunTime:0.065092s ]
[ sql ] [ SQL ] select buyerId from buyer where email = 'kkk' [ RunTime:0.065693s ]
[ sql ] [ SQL ] insert into buyer (email, buyerPassword) values ('kkk', '123') [ RunTime:0.067326s ]
[ sql ] [ SQL ] select max(buyerId) as buyerId from buyer [ RunTime:0.063787s ]
---------------------------------------------------------------
[ 2017-07-10T10:18:29+08:00 ] ::1 ::1 GET /business-system/backend/tp5/public/android/get_good_list/getgoodlist
[ info ] localhost/business-system/backend/tp5/public/android/get_good_list/getgoodlist [运行时间：0.188906s][吞吐率：5.29req/s] [内存消耗：2,659.32kb] [文件加载：35]
[ info ] [ LANG ] D:\wampServer\wamp64\www\business-system\backend\tp5\thinkphp\lang\zh-cn.php
[ info ] [ ROUTE ] array (
  'type' => 'module',
  'module' => 
  array (
    0 => 'android',
    1 => 'get_good_list',
    2 => 'getgoodlist',
  ),
)
[ info ] [ HEADER ] array (
  'host' => 'localhost',
  'user-agent' => 'Mozilla/5.0 (Windows NT 10.0; WOW64; rv:54.0) Gecko/20100101 Firefox/54.0',
  'accept' => 'text/html,application/xhtml+xml,application/xml;q=0.9,*/*;q=0.8',
  'accept-language' => 'zh-CN,zh;q=0.8,en-US;q=0.5,en;q=0.3',
  'accept-encoding' => 'gzip, deflate',
  'cookie' => '_ga=GA1.1.1082735944.1490769720; pgv_pvi=8903682048; PHPSESSID=4r4v4k8krhpoek8m8sr54icdt5',
  'connection' => 'keep-alive',
  'upgrade-insecure-requests' => '1',
)
[ info ] [ PARAM ] array (
)
[ info ] [ RUN ] app\android\controller\GetGoodList->getgoodlist[ D:\wampServer\wamp64\www\business-system\backend\tp5\application\android\controller\GetGoodList.php ]
[ info ] [ DB ] INIT mysql
[ info ] [ LOG ] INIT File
[ sql ] [ DB ] CONNECT:[ UseTime:0.096146s ] mysql:dbname=wepay;host=120.77.34.254;charset=utf8
[ sql ] [ SQL ] select goodId as good_id, goodName as goodName, unitPrice as unit_price, imgUrl as img_url, goodInfo as good_info from good [ RunTime:0.064230s ]
---------------------------------------------------------------
[ 2017-07-10T10:19:14+08:00 ] ::1 ::1 GET /business-system/backend/tp5/public/android/get_good_list/getgoodlist
[ info ] localhost/business-system/backend/tp5/public/android/get_good_list/getgoodlist [运行时间：0.192587s][吞吐率：5.19req/s] [内存消耗：2,659.23kb] [文件加载：35]
[ info ] [ LANG ] D:\wampServer\wamp64\www\business-system\backend\tp5\thinkphp\lang\zh-cn.php
[ info ] [ ROUTE ] array (
  'type' => 'module',
  'module' => 
  array (
    0 => 'android',
    1 => 'get_good_list',
    2 => 'getgoodlist',
  ),
)
[ info ] [ HEADER ] array (
  'host' => 'localhost',
  'user-agent' => 'Mozilla/5.0 (Windows NT 10.0; WOW64; rv:54.0) Gecko/20100101 Firefox/54.0',
  'accept' => 'text/html,application/xhtml+xml,application/xml;q=0.9,*/*;q=0.8',
  'accept-language' => 'zh-CN,zh;q=0.8,en-US;q=0.5,en;q=0.3',
  'accept-encoding' => 'gzip, deflate',
  'cookie' => '_ga=GA1.1.1082735944.1490769720; pgv_pvi=8903682048; PHPSESSID=4r4v4k8krhpoek8m8sr54icdt5',
  'connection' => 'keep-alive',
  'upgrade-insecure-requests' => '1',
)
[ info ] [ PARAM ] array (
)
[ info ] [ RUN ] app\android\controller\GetGoodList->getgoodlist[ D:\wampServer\wamp64\www\business-system\backend\tp5\application\android\controller\GetGoodList.php ]
[ info ] [ DB ] INIT mysql
[ info ] [ LOG ] INIT File
[ sql ] [ DB ] CONNECT:[ UseTime:0.099732s ] mysql:dbname=wepay;host=120.77.34.254;charset=utf8
[ sql ] [ SQL ] select goodId as good_id, goodName as good_name, unitPrice as unit_price, imgUrl as img_url, goodInfo as good_info from good [ RunTime:0.065060s ]
---------------------------------------------------------------
[ 2017-07-10T10:33:25+08:00 ] ::1 ::1 GET /business-system/backend/tp5/public/android/make_new_order/makeneworder
[ info ] localhost/business-system/backend/tp5/public/android/make_new_order/makeneworder [运行时间：0.025627s][吞吐率：39.02req/s] [内存消耗：2,283.84kb] [文件加载：31]
[ info ] [ LANG ] D:\wampServer\wamp64\www\business-system\backend\tp5\thinkphp\lang\zh-cn.php
[ info ] [ ROUTE ] array (
  'type' => 'module',
  'module' => 
  array (
    0 => 'android',
    1 => 'make_new_order',
    2 => 'makeneworder',
  ),
)
[ info ] [ HEADER ] array (
  'host' => 'localhost',
  'user-agent' => 'Mozilla/5.0 (Windows NT 10.0; WOW64; rv:54.0) Gecko/20100101 Firefox/54.0',
  'accept' => 'text/html,application/xhtml+xml,application/xml;q=0.9,*/*;q=0.8',
  'accept-language' => 'zh-CN,zh;q=0.8,en-US;q=0.5,en;q=0.3',
  'accept-encoding' => 'gzip, deflate',
  'cookie' => '_ga=GA1.1.1082735944.1490769720; pgv_pvi=8903682048; PHPSESSID=4r4v4k8krhpoek8m8sr54icdt5',
  'connection' => 'keep-alive',
  'upgrade-insecure-requests' => '1',
)
[ info ] [ PARAM ] array (
)
[ info ] [ RUN ] app\android\controller\MakeNewOrder->makeneworder[ D:\wampServer\wamp64\www\business-system\backend\tp5\application\android\controller\MakeNewOrder.php ]
[ info ] [ LOG ] INIT File
---------------------------------------------------------------
[ 2017-07-10T10:39:56+08:00 ] ::1 ::1 GET /business-system/backend/tp5/public/android/make_new_order/makeneworder
[ info ] localhost/business-system/backend/tp5/public/android/make_new_order/makeneworder [运行时间：0.272744s][吞吐率：3.67req/s] [内存消耗：2,769.95kb] [文件加载：40]
[ info ] [ LANG ] D:\wampServer\wamp64\www\business-system\backend\tp5\thinkphp\lang\zh-cn.php
[ info ] [ ROUTE ] array (
  'type' => 'module',
  'module' => 
  array (
    0 => 'android',
    1 => 'make_new_order',
    2 => 'makeneworder',
  ),
)
[ info ] [ HEADER ] array (
  'host' => 'localhost',
  'user-agent' => 'Mozilla/5.0 (Windows NT 10.0; WOW64; rv:54.0) Gecko/20100101 Firefox/54.0',
  'accept' => 'text/html,application/xhtml+xml,application/xml;q=0.9,*/*;q=0.8',
  'accept-language' => 'zh-CN,zh;q=0.8,en-US;q=0.5,en;q=0.3',
  'accept-encoding' => 'gzip, deflate',
  'cookie' => '_ga=GA1.1.1082735944.1490769720; pgv_pvi=8903682048; PHPSESSID=4r4v4k8krhpoek8m8sr54icdt5',
  'connection' => 'keep-alive',
  'upgrade-insecure-requests' => '1',
)
[ info ] [ PARAM ] array (
)
[ info ] [ RUN ] app\android\controller\MakeNewOrder->makeneworder[ D:\wampServer\wamp64\www\business-system\backend\tp5\application\android\controller\MakeNewOrder.php ]
[ info ] [ SESSION ] INIT array (
  'id' => '',
  'var_session_id' => '',
  'prefix' => 'think',
  'type' => '',
  'auto_start' => true,
)
[ info ] [ DB ] INIT mysql
[ info ] [ LOG ] INIT File
[ sql ] [ DB ] CONNECT:[ UseTime:0.109799s ] mysql:dbname=wepay;host=120.77.34.254;charset=utf8
[ error ] [10501]SQLSTATE[23000]: Integrity constraint violation: 1048 Column 'goodId' cannot be null[D:\wampServer\wamp64\www\business-system\backend\tp5\thinkphp\library\think\db\Connection.php:388]
---------------------------------------------------------------
[ 2017-07-10T10:41:34+08:00 ] ::1 ::1 GET /business-system/backend/tp5/public/android/make_new_order/makeneworder
[ info ] localhost/business-system/backend/tp5/public/android/make_new_order/makeneworder [运行时间：0.251858s][吞吐率：3.97req/s] [内存消耗：2,658.12kb] [文件加载：35]
[ info ] [ LANG ] D:\wampServer\wamp64\www\business-system\backend\tp5\thinkphp\lang\zh-cn.php
[ info ] [ ROUTE ] array (
  'type' => 'module',
  'module' => 
  array (
    0 => 'android',
    1 => 'make_new_order',
    2 => 'makeneworder',
  ),
)
[ info ] [ HEADER ] array (
  'host' => 'localhost',
  'user-agent' => 'Mozilla/5.0 (Windows NT 10.0; WOW64; rv:54.0) Gecko/20100101 Firefox/54.0',
  'accept' => 'text/html,application/xhtml+xml,application/xml;q=0.9,*/*;q=0.8',
  'accept-language' => 'zh-CN,zh;q=0.8,en-US;q=0.5,en;q=0.3',
  'accept-encoding' => 'gzip, deflate',
  'cookie' => '_ga=GA1.1.1082735944.1490769720; pgv_pvi=8903682048; PHPSESSID=4r4v4k8krhpoek8m8sr54icdt5',
  'connection' => 'keep-alive',
  'upgrade-insecure-requests' => '1',
)
[ info ] [ PARAM ] array (
)
[ info ] [ RUN ] app\android\controller\MakeNewOrder->makeneworder[ D:\wampServer\wamp64\www\business-system\backend\tp5\application\android\controller\MakeNewOrder.php ]
[ info ] [ DB ] INIT mysql
[ info ] [ LOG ] INIT File
[ sql ] [ DB ] CONNECT:[ UseTime:0.096948s ] mysql:dbname=wepay;host=120.77.34.254;charset=utf8
[ sql ] [ SQL ] insert into orders (buyerId, goodId, amount, unitPrice, orderStatus, orderTime) values ('3', '1', '3', '3.5', 0, '2017-Jul-Mon') [ RunTime:0.125790s ]
---------------------------------------------------------------
[ 2017-07-10T10:43:04+08:00 ] ::1 ::1 GET /business-system/backend/tp5/public/android/make_new_order/makeneworder
[ info ] localhost/business-system/backend/tp5/public/android/make_new_order/makeneworder [运行时间：0.198388s][吞吐率：5.04req/s] [内存消耗：2,658.50kb] [文件加载：35]
[ info ] [ LANG ] D:\wampServer\wamp64\www\business-system\backend\tp5\thinkphp\lang\zh-cn.php
[ info ] [ ROUTE ] array (
  'type' => 'module',
  'module' => 
  array (
    0 => 'android',
    1 => 'make_new_order',
    2 => 'makeneworder',
  ),
)
[ info ] [ HEADER ] array (
  'host' => 'localhost',
  'user-agent' => 'Mozilla/5.0 (Windows NT 10.0; WOW64; rv:54.0) Gecko/20100101 Firefox/54.0',
  'accept' => 'text/html,application/xhtml+xml,application/xml;q=0.9,*/*;q=0.8',
  'accept-language' => 'zh-CN,zh;q=0.8,en-US;q=0.5,en;q=0.3',
  'accept-encoding' => 'gzip, deflate',
  'cookie' => '_ga=GA1.1.1082735944.1490769720; pgv_pvi=8903682048; PHPSESSID=4r4v4k8krhpoek8m8sr54icdt5',
  'connection' => 'keep-alive',
  'upgrade-insecure-requests' => '1',
)
[ info ] [ PARAM ] array (
)
[ info ] [ RUN ] app\android\controller\MakeNewOrder->makeneworder[ D:\wampServer\wamp64\www\business-system\backend\tp5\application\android\controller\MakeNewOrder.php ]
[ info ] [ DB ] INIT mysql
[ info ] [ LOG ] INIT File
[ sql ] [ DB ] CONNECT:[ UseTime:0.101010s ] mysql:dbname=wepay;host=120.77.34.254;charset=utf8
[ sql ] [ SQL ] insert into orders (buyerId, goodId, amount, unitPrice, orderStatus, orderTime) values ('3', '1', '3', '3.5', 0, '2017-07-10') [ RunTime:0.069247s ]
---------------------------------------------------------------
[ 2017-07-10T10:46:31+08:00 ] ::1 ::1 GET /business-system/backend/tp5/public/android/make_new_order/makeneworder
[ info ] localhost/business-system/backend/tp5/public/android/make_new_order/makeneworder [运行时间：0.225579s][吞吐率：4.43req/s] [内存消耗：2,659.84kb] [文件加载：35]
[ info ] [ LANG ] D:\wampServer\wamp64\www\business-system\backend\tp5\thinkphp\lang\zh-cn.php
[ info ] [ ROUTE ] array (
  'type' => 'module',
  'module' => 
  array (
    0 => 'android',
    1 => 'make_new_order',
    2 => 'makeneworder',
  ),
)
[ info ] [ HEADER ] array (
  'host' => 'localhost',
  'user-agent' => 'Mozilla/5.0 (Windows NT 10.0; WOW64; rv:54.0) Gecko/20100101 Firefox/54.0',
  'accept' => 'text/html,application/xhtml+xml,application/xml;q=0.9,*/*;q=0.8',
  'accept-language' => 'zh-CN,zh;q=0.8,en-US;q=0.5,en;q=0.3',
  'accept-encoding' => 'gzip, deflate',
  'cookie' => '_ga=GA1.1.1082735944.1490769720; pgv_pvi=8903682048; PHPSESSID=4r4v4k8krhpoek8m8sr54icdt5',
  'connection' => 'keep-alive',
  'upgrade-insecure-requests' => '1',
)
[ info ] [ PARAM ] array (
)
[ info ] [ RUN ] app\android\controller\MakeNewOrder->makeneworder[ D:\wampServer\wamp64\www\business-system\backend\tp5\application\android\controller\MakeNewOrder.php ]
[ info ] [ DB ] INIT mysql
[ info ] [ LOG ] INIT File
[ sql ] [ DB ] CONNECT:[ UseTime:0.120641s ] mysql:dbname=wepay;host=120.77.34.254;charset=utf8
[ sql ] [ SQL ] insert into orders (buyerId, goodId, amount, unitPrice, orderStatus, orderTime) values ('3', '1', '3', '3.5', 0, '2017-07-10') [ RunTime:0.075553s ]
---------------------------------------------------------------
[ 2017-07-10T11:19:30+08:00 ] ::1 ::1 GET /business-system/backend/public/back/get_orders/getorders
[ info ] localhost/business-system/backend/public/back/get_orders/getorders [运行时间：0.185756s][吞吐率：5.38req/s] [内存消耗：2,663.77kb] [文件加载：35]
[ info ] [ LANG ] D:\wampServer\wamp64\www\business-system\backend\thinkphp\lang\zh-cn.php
[ info ] [ ROUTE ] array (
  'type' => 'module',
  'module' => 
  array (
    0 => 'back',
    1 => 'get_orders',
    2 => 'getorders',
  ),
)
[ info ] [ HEADER ] array (
  'host' => 'localhost',
  'user-agent' => 'Mozilla/5.0 (Windows NT 10.0; WOW64; rv:54.0) Gecko/20100101 Firefox/54.0',
  'accept' => 'text/html,application/xhtml+xml,application/xml;q=0.9,*/*;q=0.8',
  'accept-language' => 'zh-CN,zh;q=0.8,en-US;q=0.5,en;q=0.3',
  'accept-encoding' => 'gzip, deflate',
  'cookie' => '_ga=GA1.1.1082735944.1490769720; pgv_pvi=8903682048; PHPSESSID=4r4v4k8krhpoek8m8sr54icdt5',
  'connection' => 'keep-alive',
  'upgrade-insecure-requests' => '1',
)
[ info ] [ PARAM ] array (
)
[ info ] [ RUN ] app\back\controller\GetOrders->getorders[ D:\wampServer\wamp64\www\business-system\backend\application\back\controller\GetOrders.php ]
[ info ] [ DB ] INIT mysql
[ info ] [ LOG ] INIT File
[ sql ] [ DB ] CONNECT:[ UseTime:0.090885s ] mysql:dbname=wepay;host=120.77.34.254;charset=utf8
[ sql ] [ SQL ] select * from orders limit '0','2' [ RunTime:0.062043s ]
---------------------------------------------------------------
[ 2017-07-10T11:20:33+08:00 ] ::1 ::1 GET /business-system/backend/public/android/get_good_list/getgoodlist
[ info ] localhost/business-system/backend/public/android/get_good_list/getgoodlist [运行时间：0.210245s][吞吐率：4.76req/s] [内存消耗：2,657.92kb] [文件加载：35]
[ info ] [ LANG ] D:\wampServer\wamp64\www\business-system\backend\thinkphp\lang\zh-cn.php
[ info ] [ ROUTE ] array (
  'type' => 'module',
  'module' => 
  array (
    0 => 'android',
    1 => 'get_good_list',
    2 => 'getgoodlist',
  ),
)
[ info ] [ HEADER ] array (
  'host' => 'localhost',
  'user-agent' => 'Mozilla/5.0 (Windows NT 10.0; WOW64; rv:54.0) Gecko/20100101 Firefox/54.0',
  'accept' => 'text/html,application/xhtml+xml,application/xml;q=0.9,*/*;q=0.8',
  'accept-language' => 'zh-CN,zh;q=0.8,en-US;q=0.5,en;q=0.3',
  'accept-encoding' => 'gzip, deflate',
  'cookie' => '_ga=GA1.1.1082735944.1490769720; pgv_pvi=8903682048; PHPSESSID=4r4v4k8krhpoek8m8sr54icdt5',
  'connection' => 'keep-alive',
  'upgrade-insecure-requests' => '1',
)
[ info ] [ PARAM ] array (
)
[ info ] [ RUN ] app\android\controller\GetGoodList->getgoodlist[ D:\wampServer\wamp64\www\business-system\backend\application\android\controller\GetGoodList.php ]
[ info ] [ DB ] INIT mysql
[ info ] [ LOG ] INIT File
[ sql ] [ DB ] CONNECT:[ UseTime:0.109490s ] mysql:dbname=wepay;host=120.77.34.254;charset=utf8
[ sql ] [ SQL ] select goodId as good_id, goodName as good_name, unitPrice as unit_price, imgUrl as img_url, goodInfo as good_info from good [ RunTime:0.070112s ]
---------------------------------------------------------------
[ 2017-07-10T11:20:36+08:00 ] ::1 ::1 GET /business-system/backend/public/android/get_good_list/getgoodlist
[ info ] localhost/business-system/backend/public/android/get_good_list/getgoodlist [运行时间：0.187471s][吞吐率：5.33req/s] [内存消耗：2,658.03kb] [文件加载：35]
[ info ] [ LANG ] D:\wampServer\wamp64\www\business-system\backend\thinkphp\lang\zh-cn.php
[ info ] [ ROUTE ] array (
  'type' => 'module',
  'module' => 
  array (
    0 => 'android',
    1 => 'get_good_list',
    2 => 'getgoodlist',
  ),
)
[ info ] [ HEADER ] array (
  'host' => 'localhost',
  'user-agent' => 'Mozilla/5.0 (Windows NT 10.0; WOW64; rv:54.0) Gecko/20100101 Firefox/54.0',
  'accept' => 'text/html,application/xhtml+xml,application/xml;q=0.9,*/*;q=0.8',
  'accept-language' => 'zh-CN,zh;q=0.8,en-US;q=0.5,en;q=0.3',
  'accept-encoding' => 'gzip, deflate',
  'cookie' => '_ga=GA1.1.1082735944.1490769720; pgv_pvi=8903682048; PHPSESSID=4r4v4k8krhpoek8m8sr54icdt5',
  'connection' => 'keep-alive',
  'upgrade-insecure-requests' => '1',
  'cache-control' => 'max-age=0',
)
[ info ] [ PARAM ] array (
)
[ info ] [ RUN ] app\android\controller\GetGoodList->getgoodlist[ D:\wampServer\wamp64\www\business-system\backend\application\android\controller\GetGoodList.php ]
[ info ] [ DB ] INIT mysql
[ info ] [ LOG ] INIT File
[ sql ] [ DB ] CONNECT:[ UseTime:0.096697s ] mysql:dbname=wepay;host=120.77.34.254;charset=utf8
[ sql ] [ SQL ] select goodId as good_id, goodName as good_name, unitPrice as unit_price, imgUrl as img_url, goodInfo as good_info from good [ RunTime:0.060658s ]
---------------------------------------------------------------
[ 2017-07-10T11:20:55+08:00 ] ::1 ::1 GET /business-system/backend/public/android/get_good_list/getgoodlist
[ info ] localhost/business-system/backend/public/android/get_good_list/getgoodlist [运行时间：0.196017s][吞吐率：5.10req/s] [内存消耗：2,657.92kb] [文件加载：35]
[ info ] [ LANG ] D:\wampServer\wamp64\www\business-system\backend\thinkphp\lang\zh-cn.php
[ info ] [ ROUTE ] array (
  'type' => 'module',
  'module' => 
  array (
    0 => 'android',
    1 => 'get_good_list',
    2 => 'getgoodlist',
  ),
)
[ info ] [ HEADER ] array (
  'host' => 'localhost',
  'user-agent' => 'Mozilla/5.0 (Windows NT 10.0; WOW64; rv:54.0) Gecko/20100101 Firefox/54.0',
  'accept' => 'text/html,application/xhtml+xml,application/xml;q=0.9,*/*;q=0.8',
  'accept-language' => 'zh-CN,zh;q=0.8,en-US;q=0.5,en;q=0.3',
  'accept-encoding' => 'gzip, deflate',
  'cookie' => '_ga=GA1.1.1082735944.1490769720; pgv_pvi=8903682048; PHPSESSID=4r4v4k8krhpoek8m8sr54icdt5',
  'connection' => 'keep-alive',
  'upgrade-insecure-requests' => '1',
)
[ info ] [ PARAM ] array (
)
[ info ] [ RUN ] app\android\controller\GetGoodList->getgoodlist[ D:\wampServer\wamp64\www\business-system\backend\application\android\controller\GetGoodList.php ]
[ info ] [ DB ] INIT mysql
[ info ] [ LOG ] INIT File
[ sql ] [ DB ] CONNECT:[ UseTime:0.099460s ] mysql:dbname=wepay;host=120.77.34.254;charset=utf8
[ sql ] [ SQL ] select goodId as good_id, goodName as good_name, unitPrice as unit_price, imgUrl as img_url, goodInfo as good_info from good [ RunTime:0.064850s ]
---------------------------------------------------------------
[ 2017-07-10T11:21:35+08:00 ] ::1 ::1 GET /business-system/backend/public/android/get_good_list/getgoodlist
[ info ] localhost/business-system/backend/public/android/get_good_list/getgoodlist [运行时间：0.189614s][吞吐率：5.27req/s] [内存消耗：2,658.03kb] [文件加载：35]
[ info ] [ LANG ] D:\wampServer\wamp64\www\business-system\backend\thinkphp\lang\zh-cn.php
[ info ] [ ROUTE ] array (
  'type' => 'module',
  'module' => 
  array (
    0 => 'android',
    1 => 'get_good_list',
    2 => 'getgoodlist',
  ),
)
[ info ] [ HEADER ] array (
  'host' => 'localhost',
  'user-agent' => 'Mozilla/5.0 (Windows NT 10.0; WOW64; rv:54.0) Gecko/20100101 Firefox/54.0',
  'accept' => 'text/html,application/xhtml+xml,application/xml;q=0.9,*/*;q=0.8',
  'accept-language' => 'zh-CN,zh;q=0.8,en-US;q=0.5,en;q=0.3',
  'accept-encoding' => 'gzip, deflate',
  'cookie' => '_ga=GA1.1.1082735944.1490769720; pgv_pvi=8903682048; PHPSESSID=4r4v4k8krhpoek8m8sr54icdt5',
  'connection' => 'keep-alive',
  'upgrade-insecure-requests' => '1',
  'cache-control' => 'max-age=0',
)
[ info ] [ PARAM ] array (
)
[ info ] [ RUN ] app\android\controller\GetGoodList->getgoodlist[ D:\wampServer\wamp64\www\business-system\backend\application\android\controller\GetGoodList.php ]
[ info ] [ DB ] INIT mysql
[ info ] [ LOG ] INIT File
[ sql ] [ DB ] CONNECT:[ UseTime:0.095274s ] mysql:dbname=wepay;host=120.77.34.254;charset=utf8
[ sql ] [ SQL ] select goodId as good_id, goodName as good_name, unitPrice as unit_price, imgUrl as img_url, goodInfo as good_info from good [ RunTime:0.065578s ]
---------------------------------------------------------------
[ 2017-07-10T11:54:40+08:00 ] ::1 ::1 GET /business-system/backend/public/back/GetOrders/GetOrders
[ info ] localhost/business-system/backend/public/back/GetOrders/GetOrders [运行时间：0.184029s][吞吐率：5.43req/s] [内存消耗：2,663.77kb] [文件加载：35]
[ info ] [ LANG ] D:\wampServer\wamp64\www\business-system\backend\thinkphp\lang\zh-cn.php
[ info ] [ ROUTE ] array (
  'type' => 'module',
  'module' => 
  array (
    0 => 'back',
    1 => 'GetOrders',
    2 => 'GetOrders',
  ),
)
[ info ] [ HEADER ] array (
  'host' => 'localhost',
  'user-agent' => 'Mozilla/5.0 (Windows NT 10.0; WOW64; rv:54.0) Gecko/20100101 Firefox/54.0',
  'accept' => 'text/html,application/xhtml+xml,application/xml;q=0.9,*/*;q=0.8',
  'accept-language' => 'zh-CN,zh;q=0.8,en-US;q=0.5,en;q=0.3',
  'accept-encoding' => 'gzip, deflate',
  'cookie' => '_ga=GA1.1.1082735944.1490769720; pgv_pvi=8903682048; PHPSESSID=4r4v4k8krhpoek8m8sr54icdt5',
  'connection' => 'keep-alive',
  'upgrade-insecure-requests' => '1',
)
[ info ] [ PARAM ] array (
)
[ info ] [ RUN ] app\back\controller\GetOrders->GetOrders[ D:\wampServer\wamp64\www\business-system\backend\application\back\controller\GetOrders.php ]
[ info ] [ DB ] INIT mysql
[ info ] [ LOG ] INIT File
[ sql ] [ DB ] CONNECT:[ UseTime:0.091697s ] mysql:dbname=wepay;host=120.77.34.254;charset=utf8
[ sql ] [ SQL ] select * from orders limit '0','2' [ RunTime:0.061310s ]
---------------------------------------------------------------
[ 2017-07-10T11:59:35+08:00 ] ::1 ::1 GET /business-system/backend/public/back/GetOrders
[ info ] localhost/business-system/backend/public/back/GetOrders [运行时间：0.024277s][吞吐率：41.19req/s] [内存消耗：1,864.91kb] [文件加载：28]
[ info ] [ LANG ] D:\wampServer\wamp64\www\business-system\backend\thinkphp\lang\zh-cn.php
[ info ] [ LOG ] INIT File
[ error ] [8]未定义数组下标: 1[D:\wampServer\wamp64\www\business-system\backend\thinkphp\library\think\Route.php:215]
---------------------------------------------------------------
[ 2017-07-10T12:02:26+08:00 ] ::1 ::1 GET /business-system/backend/public/back/GetOrders
[ info ] localhost/business-system/backend/public/back/GetOrders [运行时间：0.024150s][吞吐率：41.41req/s] [内存消耗：1,861.07kb] [文件加载：27]
[ info ] [ LANG ] D:\wampServer\wamp64\www\business-system\backend\thinkphp\lang\zh-cn.php
[ info ] [ ROUTE ] array (
  'type' => 'module',
  'module' => 
  array (
    0 => 'controller',
    1 => 'GetOrders',
    2 => 'GetOrders',
  ),
  'convert' => false,
)
[ info ] [ HEADER ] array (
  'host' => 'localhost',
  'user-agent' => 'Mozilla/5.0 (Windows NT 10.0; WOW64; rv:54.0) Gecko/20100101 Firefox/54.0',
  'accept' => 'text/html,application/xhtml+xml,application/xml;q=0.9,*/*;q=0.8',
  'accept-language' => 'zh-CN,zh;q=0.8,en-US;q=0.5,en;q=0.3',
  'accept-encoding' => 'gzip, deflate',
  'cookie' => '_ga=GA1.1.1082735944.1490769720; pgv_pvi=8903682048; PHPSESSID=4r4v4k8krhpoek8m8sr54icdt5',
  'connection' => 'keep-alive',
  'upgrade-insecure-requests' => '1',
)
[ info ] [ PARAM ] array (
)
[ info ] [ LOG ] INIT File
---------------------------------------------------------------
[ 2017-07-10T12:02:46+08:00 ] ::1 ::1 GET /business-system/backend/public/back/GetOrders
[ info ] localhost/business-system/backend/public/back/GetOrders [运行时间：0.196754s][吞吐率：5.08req/s] [内存消耗：2,669.09kb] [文件加载：35]
[ info ] [ LANG ] D:\wampServer\wamp64\www\business-system\backend\thinkphp\lang\zh-cn.php
[ info ] [ ROUTE ] array (
  'type' => 'module',
  'module' => 
  array (
    0 => 'back',
    1 => 'GetOrders',
    2 => 'GetOrders',
  ),
  'convert' => false,
)
[ info ] [ HEADER ] array (
  'host' => 'localhost',
  'user-agent' => 'Mozilla/5.0 (Windows NT 10.0; WOW64; rv:54.0) Gecko/20100101 Firefox/54.0',
  'accept' => 'text/html,application/xhtml+xml,application/xml;q=0.9,*/*;q=0.8',
  'accept-language' => 'zh-CN,zh;q=0.8,en-US;q=0.5,en;q=0.3',
  'accept-encoding' => 'gzip, deflate',
  'cookie' => '_ga=GA1.1.1082735944.1490769720; pgv_pvi=8903682048; PHPSESSID=4r4v4k8krhpoek8m8sr54icdt5',
  'connection' => 'keep-alive',
  'upgrade-insecure-requests' => '1',
)
[ info ] [ PARAM ] array (
)
[ info ] [ RUN ] app\back\controller\GetOrders->GetOrders[ D:\wampServer\wamp64\www\business-system\backend\application\back\controller\GetOrders.php ]
[ info ] [ DB ] INIT mysql
[ info ] [ LOG ] INIT File
[ sql ] [ DB ] CONNECT:[ UseTime:0.100366s ] mysql:dbname=wepay;host=120.77.34.254;charset=utf8
[ sql ] [ SQL ] select * from orders limit '0','2' [ RunTime:0.067209s ]
---------------------------------------------------------------
[ 2017-07-10T12:04:46+08:00 ] ::1 ::1 GET /business-system/backend/public/back/GetOrders
[ info ] localhost/business-system/backend/public/back/GetOrders [运行时间：0.189754s][吞吐率：5.27req/s] [内存消耗：2,669.09kb] [文件加载：35]
[ info ] [ LANG ] D:\wampServer\wamp64\www\business-system\backend\thinkphp\lang\zh-cn.php
[ info ] [ ROUTE ] array (
  'type' => 'module',
  'module' => 
  array (
    0 => 'back',
    1 => 'GetOrders',
    2 => 'GetOrders',
  ),
  'convert' => false,
)
[ info ] [ HEADER ] array (
  'host' => 'localhost',
  'user-agent' => 'Mozilla/5.0 (Windows NT 10.0; WOW64; rv:54.0) Gecko/20100101 Firefox/54.0',
  'accept' => 'text/html,application/xhtml+xml,application/xml;q=0.9,*/*;q=0.8',
  'accept-language' => 'zh-CN,zh;q=0.8,en-US;q=0.5,en;q=0.3',
  'accept-encoding' => 'gzip, deflate',
  'cookie' => '_ga=GA1.1.1082735944.1490769720; pgv_pvi=8903682048; PHPSESSID=4r4v4k8krhpoek8m8sr54icdt5',
  'connection' => 'keep-alive',
  'upgrade-insecure-requests' => '1',
)
[ info ] [ PARAM ] array (
)
[ info ] [ RUN ] app\back\controller\GetOrders->GetOrders[ D:\wampServer\wamp64\www\business-system\backend\application\back\controller\GetOrders.php ]
[ info ] [ DB ] INIT mysql
[ info ] [ LOG ] INIT File
[ sql ] [ DB ] CONNECT:[ UseTime:0.095504s ] mysql:dbname=wepay;host=120.77.34.254;charset=utf8
[ sql ] [ SQL ] select * from orders limit '0','2' [ RunTime:0.065406s ]
---------------------------------------------------------------
[ 2017-07-10T13:42:41+08:00 ] ::1 ::1 GET /business-system/backend/public/SellersGetOrders
[ info ] localhost/business-system/backend/public/SellersGetOrders [运行时间：0.204339s][吞吐率：4.89req/s] [内存消耗：2,668.95kb] [文件加载：35]
[ info ] [ LANG ] D:\wampServer\wamp64\www\business-system\backend\thinkphp\lang\zh-cn.php
[ info ] [ ROUTE ] array (
  'type' => 'module',
  'module' => 
  array (
    0 => 'back',
    1 => 'GetOrders',
    2 => 'GetOrders',
  ),
  'convert' => false,
)
[ info ] [ HEADER ] array (
  'host' => 'localhost',
  'user-agent' => 'Mozilla/5.0 (Windows NT 10.0; WOW64; rv:54.0) Gecko/20100101 Firefox/54.0',
  'accept' => 'text/html,application/xhtml+xml,application/xml;q=0.9,*/*;q=0.8',
  'accept-language' => 'zh-CN,zh;q=0.8,en-US;q=0.5,en;q=0.3',
  'accept-encoding' => 'gzip, deflate',
  'cookie' => '_ga=GA1.1.1082735944.1490769720; pgv_pvi=8903682048; PHPSESSID=4r4v4k8krhpoek8m8sr54icdt5',
  'connection' => 'keep-alive',
  'upgrade-insecure-requests' => '1',
)
[ info ] [ PARAM ] array (
)
[ info ] [ RUN ] app\back\controller\GetOrders->GetOrders[ D:\wampServer\wamp64\www\business-system\backend\application\back\controller\GetOrders.php ]
[ info ] [ DB ] INIT mysql
[ info ] [ LOG ] INIT File
[ sql ] [ DB ] CONNECT:[ UseTime:0.105259s ] mysql:dbname=wepay;host=120.77.34.254;charset=utf8
[ sql ] [ SQL ] select * from orders limit '0','2' [ RunTime:0.069602s ]
